c:\studia\vi semestr\object oriented programming and software engineering\laboratory11\class\class\x64\debug\vc143.pdb
c:\studia\vi semestr\object oriented programming and software engineering\laboratory11\class\class\x64\debug\vc143.idb
c:\studia\vi semestr\object oriented programming and software engineering\laboratory11\class\class\x64\debug\playercharacter_wizard.obj
c:\studia\vi semestr\object oriented programming and software engineering\laboratory11\class\class\x64\debug\playercharacter_warrior.obj
c:\studia\vi semestr\object oriented programming and software engineering\laboratory11\class\class\x64\debug\playercharacter.obj
c:\studia\vi semestr\object oriented programming and software engineering\laboratory11\class\class\x64\debug\nonplayercharacter_caster.obj
c:\studia\vi semestr\object oriented programming and software engineering\laboratory11\class\class\x64\debug\nonplayercharacter.obj
c:\studia\vi semestr\object oriented programming and software engineering\laboratory11\class\class\x64\debug\main.obj
c:\studia\vi semestr\object oriented programming and software engineering\laboratory11\class\class\x64\debug\fieldmodifier.obj
c:\studia\vi semestr\object oriented programming and software engineering\laboratory11\class\class\x64\debug\defendyourselftrigger.obj
c:\studia\vi semestr\object oriented programming and software engineering\laboratory11\class\class\x64\debug\afterclass.ilk
c:\studia\vi semestr\object oriented programming and software engineering\laboratory11\class\x64\debug\afterclass.pdb
c:\studia\vi semestr\object oriented programming and software engineering\laboratory11\class\class\x64\debug\afterclass.tlog\cl.command.1.tlog
c:\studia\vi semestr\object oriented programming and software engineering\laboratory11\class\class\x64\debug\afterclass.tlog\cl.items.tlog
c:\studia\vi semestr\object oriented programming and software engineering\laboratory11\class\class\x64\debug\afterclass.tlog\cl.read.1.tlog
c:\studia\vi semestr\object oriented programming and software engineering\laboratory11\class\class\x64\debug\afterclass.tlog\cl.write.1.tlog
c:\studia\vi semestr\object oriented programming and software engineering\laboratory11\class\class\x64\debug\afterclass.tlog\link-cvtres.read.1.tlog
c:\studia\vi semestr\object oriented programming and software engineering\laboratory11\class\class\x64\debug\afterclass.tlog\link-cvtres.write.1.tlog
c:\studia\vi semestr\object oriented programming and software engineering\laboratory11\class\class\x64\debug\afterclass.tlog\link-rc.read.1.tlog
c:\studia\vi semestr\object oriented programming and software engineering\laboratory11\class\class\x64\debug\afterclass.tlog\link-rc.write.1.tlog
c:\studia\vi semestr\object oriented programming and software engineering\laboratory11\class\class\x64\debug\afterclass.tlog\link.17472-cvtres.read.1.tlog
c:\studia\vi semestr\object oriented programming and software engineering\laboratory11\class\class\x64\debug\afterclass.tlog\link.17472-cvtres.write.1.tlog
c:\studia\vi semestr\object oriented programming and software engineering\laboratory11\class\class\x64\debug\afterclass.tlog\link.17472-rc.read.1.tlog
c:\studia\vi semestr\object oriented programming and software engineering\laboratory11\class\class\x64\debug\afterclass.tlog\link.17472-rc.write.1.tlog
c:\studia\vi semestr\object oriented programming and software engineering\laboratory11\class\class\x64\debug\afterclass.tlog\link.17472.read.1.tlog
c:\studia\vi semestr\object oriented programming and software engineering\laboratory11\class\class\x64\debug\afterclass.tlog\link.17472.read.2.tlog
c:\studia\vi semestr\object oriented programming and software engineering\laboratory11\class\class\x64\debug\afterclass.tlog\link.17472.write.1.tlog
c:\studia\vi semestr\object oriented programming and software engineering\laboratory11\class\class\x64\debug\afterclass.tlog\link.command.1.tlog
c:\studia\vi semestr\object oriented programming and software engineering\laboratory11\class\class\x64\debug\afterclass.tlog\link.read.1.tlog
c:\studia\vi semestr\object oriented programming and software engineering\laboratory11\class\class\x64\debug\afterclass.tlog\link.read.2.tlog
c:\studia\vi semestr\object oriented programming and software engineering\laboratory11\class\class\x64\debug\afterclass.tlog\link.secondary.1.tlog
c:\studia\vi semestr\object oriented programming and software engineering\laboratory11\class\class\x64\debug\afterclass.tlog\link.write.1.tlog
