c:\studia\vi semestr\object oriented programming and software engineering\project\project\x64\debug\vc143.pdb
c:\studia\vi semestr\object oriented programming and software engineering\project\project\x64\debug\vc143.idb
c:\studia\vi semestr\object oriented programming and software engineering\project\project\x64\debug\quest.obj
c:\studia\vi semestr\object oriented programming and software engineering\project\project\x64\debug\playercharacter_wizard.obj
c:\studia\vi semestr\object oriented programming and software engineering\project\project\x64\debug\playercharacter_warrior.obj
c:\studia\vi semestr\object oriented programming and software engineering\project\project\x64\debug\playercharacter.obj
c:\studia\vi semestr\object oriented programming and software engineering\project\project\x64\debug\nonplayercharacter_caster.obj
c:\studia\vi semestr\object oriented programming and software engineering\project\project\x64\debug\nonplayercharacter.obj
c:\studia\vi semestr\object oriented programming and software engineering\project\project\x64\debug\main.obj
c:\studia\vi semestr\object oriented programming and software engineering\project\project\x64\debug\fieldmodifier.obj
c:\studia\vi semestr\object oriented programming and software engineering\project\project\x64\debug\defendyourselftrigger.obj
c:\studia\vi semestr\object oriented programming and software engineering\project\x64\debug\project.exe
c:\studia\vi semestr\object oriented programming and software engineering\project\x64\debug\project.pdb
c:\studia\vi semestr\object oriented programming and software engineering\project\project\x64\debug\project.ilk
c:\studia\vi semestr\object oriented programming and software engineering\project\project\x64\debug\defendyourselftrigger.new.obj.enc
c:\studia\vi semestr\object oriented programming and software engineering\project\project\x64\debug\fieldmodifier.new.obj.enc
c:\studia\vi semestr\object oriented programming and software engineering\project\project\x64\debug\main.new.obj.enc
c:\studia\vi semestr\object oriented programming and software engineering\project\project\x64\debug\nonplayercharacter.new.obj.enc
c:\studia\vi semestr\object oriented programming and software engineering\project\project\x64\debug\playercharacter.new.obj.enc
c:\studia\vi semestr\object oriented programming and software engineering\project\project\x64\debug\playercharacter_warrior.new.obj.enc
c:\studia\vi semestr\object oriented programming and software engineering\project\project\x64\debug\playercharacter_wizard.new.obj.enc
c:\studia\vi semestr\object oriented programming and software engineering\project\project\x64\debug\project.tlog\cl.command.1.tlog
c:\studia\vi semestr\object oriented programming and software engineering\project\project\x64\debug\project.tlog\cl.items.tlog
c:\studia\vi semestr\object oriented programming and software engineering\project\project\x64\debug\project.tlog\cl.read.1.tlog
c:\studia\vi semestr\object oriented programming and software engineering\project\project\x64\debug\project.tlog\cl.write.1.tlog
c:\studia\vi semestr\object oriented programming and software engineering\project\project\x64\debug\project.tlog\link.command.1.tlog
c:\studia\vi semestr\object oriented programming and software engineering\project\project\x64\debug\project.tlog\link.read.1.tlog
c:\studia\vi semestr\object oriented programming and software engineering\project\project\x64\debug\project.tlog\link.secondary.1.tlog
c:\studia\vi semestr\object oriented programming and software engineering\project\project\x64\debug\project.tlog\link.write.1.tlog
